[02-25|12:35:26.941] INFO ux/output.go:13 [0;34m[;1mcreate and run local network from snapshot[0;0m[0;0m
[02-25|12:35:27.015] INFO local/network.go:475 creating network {"node-num": 1}
[02-25|12:35:28.712] INFO local/network.go:797 adding node {"node-name": "node1", "node-dir": "/home/madlab/.avalanche-cli/local/score-local-node-local-network/node1", "log-dir": "/home/madlab/.avalanche-cli/local/score-local-node-local-network/node1/logs", "db-dir": "/home/madlab/.avalanche-cli/local/score-local-node-local-network/node1/db", "p2p-port": 37285, "api-port": 44685}
[02-25|12:35:28.713] INFO local/network.go:827 checking local network healthiness {"num-of-nodes": 1}
[02-25|12:35:44.447] WARN local/snapshot.go:427 failure to register blockchain alias score for blockchain ID 27A686aucRntQtAjyCjCkaEvcgeQZc4NM7zjCqe2nGZPiMerRi on node node1: failed to decode client response: there is no ID with alias: 27A686aucRntQtAjyCjCkaEvcgeQZc4NM7zjCqe2nGZPiMerRi
[02-25|12:35:44.448] INFO server/network.go:852 [0;36mprometheus conf file /home/madlab/.avalanche-cli/local/score-local-node-local-network/prometheus.yaml[0;0m
[02-25|12:35:44.448] INFO ux/output.go:13 [0;34m[;1mwaiting for all nodes to report healthy...[0;0m[0;0m
[02-25|12:35:44.449] INFO local/network.go:827 checking local network healthiness {"num-of-nodes": 1}
[02-25|12:35:44.463] INFO server/network.go:749 [1;34m[blockchain RPC for "spSeufi8e3FkPFsf2oU1GSwVgpwAqqErJCQdLVabzzTj7VpgA"] "http://127.0.0.1:44685/ext/bc/LgzgoZAEhFQHUyKpGmueyyGsWPS4YJrDhT2nHA55KyzCZADuv"[0;0m
[02-25|18:46:05.627] INFO ux/output.go:13 [0;34m[;1mcreate and run local network from snapshot[0;0m[0;0m
[02-25|18:46:05.692] INFO local/network.go:475 creating network {"node-num": 1}
[02-25|18:46:07.271] INFO local/network.go:797 adding node {"node-name": "node1", "node-dir": "/home/madlab/.avalanche-cli/local/score-local-node-local-network/node1", "log-dir": "/home/madlab/.avalanche-cli/local/score-local-node-local-network/node1/logs", "db-dir": "/home/madlab/.avalanche-cli/local/score-local-node-local-network/node1/db", "p2p-port": 37285, "api-port": 44685}
[02-25|18:46:07.272] INFO local/network.go:827 checking local network healthiness {"num-of-nodes": 1}
[02-25|18:46:13.747] WARN local/snapshot.go:427 failure to register blockchain alias score for blockchain ID 27A686aucRntQtAjyCjCkaEvcgeQZc4NM7zjCqe2nGZPiMerRi on node node1: failed to decode client response: there is no ID with alias: 27A686aucRntQtAjyCjCkaEvcgeQZc4NM7zjCqe2nGZPiMerRi
[02-25|18:46:13.749] INFO server/network.go:852 [0;36mprometheus conf file /home/madlab/.avalanche-cli/local/score-local-node-local-network/prometheus.yaml[0;0m
[02-25|18:46:13.749] INFO ux/output.go:13 [0;34m[;1mwaiting for all nodes to report healthy...[0;0m[0;0m
[02-25|18:46:13.749] INFO local/network.go:827 checking local network healthiness {"num-of-nodes": 1}
[02-25|18:46:13.766] INFO server/network.go:749 [1;34m[blockchain RPC for "spSeufi8e3FkPFsf2oU1GSwVgpwAqqErJCQdLVabzzTj7VpgA"] "http://127.0.0.1:44685/ext/bc/LgzgoZAEhFQHUyKpGmueyyGsWPS4YJrDhT2nHA55KyzCZADuv"[0;0m
[02-25|18:47:20.538] INFO local/network.go:952 done stopping network
[02-25|18:47:20.538] INFO ux/output.go:13 [0;31mterminated network[0;0m
[02-25|21:31:57.396] INFO ux/output.go:13 [0;34m[;1mcreate and run local network from snapshot[0;0m[0;0m
[02-25|21:31:57.463] INFO local/network.go:475 creating network {"node-num": 1}
[02-25|21:31:59.004] INFO local/network.go:797 adding node {"node-name": "node1", "node-dir": "/home/madlab/.avalanche-cli/local/score-local-node-local-network/node1", "log-dir": "/home/madlab/.avalanche-cli/local/score-local-node-local-network/node1/logs", "db-dir": "/home/madlab/.avalanche-cli/local/score-local-node-local-network/node1/db", "p2p-port": 39689, "api-port": 40985}
[02-25|21:31:59.005] INFO local/network.go:827 checking local network healthiness {"num-of-nodes": 1}
[02-25|21:32:03.737] WARN local/snapshot.go:427 failure to register blockchain alias score for blockchain ID LgzgoZAEhFQHUyKpGmueyyGsWPS4YJrDhT2nHA55KyzCZADuv on node node1: failed to decode client response: there is no ID with alias: LgzgoZAEhFQHUyKpGmueyyGsWPS4YJrDhT2nHA55KyzCZADuv
[02-25|21:32:03.738] WARN local/snapshot.go:427 failure to register blockchain alias score for blockchain ID 27A686aucRntQtAjyCjCkaEvcgeQZc4NM7zjCqe2nGZPiMerRi on node node1: failed to decode client response: there is no ID with alias: 27A686aucRntQtAjyCjCkaEvcgeQZc4NM7zjCqe2nGZPiMerRi
[02-25|21:32:03.739] INFO server/network.go:852 [0;36mprometheus conf file /home/madlab/.avalanche-cli/local/score-local-node-local-network/prometheus.yaml[0;0m
[02-25|21:32:03.739] INFO ux/output.go:13 [0;34m[;1mwaiting for all nodes to report healthy...[0;0m[0;0m
[02-25|21:32:03.739] INFO local/network.go:827 checking local network healthiness {"num-of-nodes": 1}
[02-25|21:32:03.752] INFO server/network.go:749 [1;34m[blockchain RPC for "spSeufi8e3FkPFsf2oU1GSwVgpwAqqErJCQdLVabzzTj7VpgA"] "http://127.0.0.1:40985/ext/bc/AxCdGcJqeWxDokt2FiKiEYJoqPxwwNkJcL13Tk7ETCWNWxsPk"[0;0m
[02-25|21:34:19.594] INFO local/network.go:952 done stopping network
[02-25|21:34:19.594] INFO ux/output.go:13 [0;31mterminated network[0;0m
[02-25|21:55:12.034] INFO ux/output.go:13 [0;34m[;1mcreate and run local network from snapshot[0;0m[0;0m
[02-25|21:55:12.097] INFO local/network.go:475 creating network {"node-num": 1}
[02-25|21:55:13.587] INFO local/network.go:797 adding node {"node-name": "node1", "node-dir": "/home/madlab/.avalanche-cli/local/score-local-node-local-network/node1", "log-dir": "/home/madlab/.avalanche-cli/local/score-local-node-local-network/node1/logs", "db-dir": "/home/madlab/.avalanche-cli/local/score-local-node-local-network/node1/db", "p2p-port": 44483, "api-port": 38217}
[02-25|21:55:13.588] INFO local/network.go:827 checking local network healthiness {"num-of-nodes": 1}
[02-25|21:55:19.478] WARN local/snapshot.go:427 failure to register blockchain alias score for blockchain ID AxCdGcJqeWxDokt2FiKiEYJoqPxwwNkJcL13Tk7ETCWNWxsPk on node node1: failed to decode client response: there is no ID with alias: AxCdGcJqeWxDokt2FiKiEYJoqPxwwNkJcL13Tk7ETCWNWxsPk
[02-25|21:55:19.478] WARN local/snapshot.go:427 failure to register blockchain alias score for blockchain ID LgzgoZAEhFQHUyKpGmueyyGsWPS4YJrDhT2nHA55KyzCZADuv on node node1: failed to decode client response: there is no ID with alias: LgzgoZAEhFQHUyKpGmueyyGsWPS4YJrDhT2nHA55KyzCZADuv
[02-25|21:55:19.479] WARN local/snapshot.go:427 failure to register blockchain alias score for blockchain ID 27A686aucRntQtAjyCjCkaEvcgeQZc4NM7zjCqe2nGZPiMerRi on node node1: failed to decode client response: there is no ID with alias: 27A686aucRntQtAjyCjCkaEvcgeQZc4NM7zjCqe2nGZPiMerRi
[02-25|21:55:19.480] INFO server/network.go:852 [0;36mprometheus conf file /home/madlab/.avalanche-cli/local/score-local-node-local-network/prometheus.yaml[0;0m
[02-25|21:55:19.480] INFO ux/output.go:13 [0;34m[;1mwaiting for all nodes to report healthy...[0;0m[0;0m
[02-25|21:55:19.480] INFO local/network.go:827 checking local network healthiness {"num-of-nodes": 1}
[02-25|21:55:19.557] INFO server/network.go:749 [1;34m[blockchain RPC for "spSeufi8e3FkPFsf2oU1GSwVgpwAqqErJCQdLVabzzTj7VpgA"] "http://127.0.0.1:38217/ext/bc/ogXk2ESZxTzGwr7onaZaXRyNUixgfPGJ1JUTDxGHqMko6EWSU"[0;0m
[02-25|22:10:18.201] INFO local/network.go:952 done stopping network
[02-25|22:10:18.231] INFO ux/output.go:13 [0;31mterminated network[0;0m
